2017-10-10 16:36:52,139:
  data len:1000
2017-10-10 16:36:52,151:
  generating : 1%
2017-10-10 16:36:52,159:
  generating : 2%
2017-10-10 16:36:52,165:
  generating : 3%
2017-10-10 16:36:52,172:
  generating : 4%
2017-10-10 16:36:52,180:
  generating : 5%
2017-10-10 16:36:52,185:
  generating : 6%
2017-10-10 16:36:52,191:
  generating : 7%
2017-10-10 16:36:52,197:
  generating : 8%
2017-10-10 16:36:52,203:
  generating : 9%
2017-10-10 16:36:52,212:
  generating : 10%
2017-10-10 16:36:52,219:
  generating : 11%
2017-10-10 16:36:52,222:
  generating : 12%
2017-10-10 16:36:52,231:
  generating : 13%
2017-10-10 16:36:52,237:
  generating : 14%
2017-10-10 16:36:52,244:
  generating : 15%
2017-10-10 16:36:52,255:
  generating : 16%
2017-10-10 16:36:52,262:
  generating : 17%
2017-10-10 16:36:52,266:
  generating : 18%
2017-10-10 16:36:52,273:
  generating : 19%
2017-10-10 16:36:52,282:
  generating : 20%
2017-10-10 16:36:52,289:
  generating : 21%
2017-10-10 16:36:52,294:
  generating : 22%
2017-10-10 16:36:52,302:
  generating : 23%
2017-10-10 16:36:52,308:
  generating : 24%
2017-10-10 16:36:52,314:
  generating : 25%
2017-10-10 16:36:52,320:
  generating : 26%
2017-10-10 16:36:52,328:
  generating : 27%
2017-10-10 16:36:52,334:
  generating : 28%
2017-10-10 16:36:52,340:
  generating : 29%
2017-10-10 16:36:52,351:
  generating : 30%
2017-10-10 16:36:52,355:
  generating : 31%
2017-10-10 16:36:52,364:
  generating : 32%
2017-10-10 16:36:52,370:
  generating : 33%
2017-10-10 16:36:52,383:
  generating : 34%
2017-10-10 16:36:52,388:
  generating : 35%
2017-10-10 16:36:52,396:
  generating : 36%
2017-10-10 16:36:52,402:
  generating : 37%
2017-10-10 16:36:52,410:
  generating : 38%
2017-10-10 16:36:52,417:
  generating : 39%
2017-10-10 16:36:52,426:
  generating : 40%
2017-10-10 16:36:52,432:
  generating : 41%
2017-10-10 16:36:52,443:
  generating : 42%
2017-10-10 16:36:52,448:
  generating : 43%
2017-10-10 16:36:52,451:
  generating : 44%
2017-10-10 16:36:52,460:
  generating : 45%
2017-10-10 16:36:52,466:
  generating : 46%
2017-10-10 16:36:52,472:
  generating : 47%
2017-10-10 16:36:52,476:
  generating : 48%
2017-10-10 16:36:52,488:
  generating : 49%
2017-10-10 16:36:52,495:
  generating : 50%
2017-10-10 16:36:52,501:
  generating : 51%
2017-10-10 16:36:52,507:
  generating : 52%
2017-10-10 16:36:52,514:
  generating : 53%
2017-10-10 16:36:52,522:
  generating : 54%
2017-10-10 16:36:52,526:
  generating : 55%
2017-10-10 16:36:52,532:
  generating : 56%
2017-10-10 16:36:52,540:
  generating : 57%
2017-10-10 16:36:52,546:
  generating : 58%
2017-10-10 16:36:52,552:
  generating : 59%
2017-10-10 16:36:52,561:
  generating : 60%
2017-10-10 16:36:52,571:
  generating : 61%
2017-10-10 16:36:52,577:
  generating : 62%
2017-10-10 16:36:52,585:
  generating : 63%
2017-10-10 16:36:52,599:
  generating : 64%
2017-10-10 16:36:52,601:
  generating : 65%
2017-10-10 16:36:52,604:
  generating : 66%
2017-10-10 16:36:52,613:
  generating : 67%
2017-10-10 16:36:52,620:
  generating : 68%
2017-10-10 16:36:52,626:
  generating : 69%
2017-10-10 16:36:52,635:
  generating : 70%
2017-10-10 16:36:52,642:
  generating : 71%
2017-10-10 16:36:52,650:
  generating : 72%
2017-10-10 16:36:52,659:
  generating : 73%
2017-10-10 16:36:52,666:
  generating : 74%
2017-10-10 16:36:52,675:
  generating : 75%
2017-10-10 16:36:52,682:
  generating : 76%
2017-10-10 16:36:52,689:
  generating : 77%
2017-10-10 16:36:52,696:
  generating : 78%
2017-10-10 16:36:52,702:
  generating : 79%
2017-10-10 16:36:52,708:
  generating : 80%
2017-10-10 16:36:52,710:
  generating : 81%
2017-10-10 16:36:52,715:
  generating : 82%
2017-10-10 16:36:52,726:
  generating : 83%
2017-10-10 16:36:52,732:
  generating : 84%
2017-10-10 16:36:52,739:
  generating : 85%
2017-10-10 16:36:52,747:
  generating : 86%
2017-10-10 16:36:52,756:
  generating : 87%
2017-10-10 16:36:52,761:
  generating : 88%
2017-10-10 16:36:52,774:
  generating : 89%
2017-10-10 16:36:52,782:
  generating : 90%
2017-10-10 16:36:52,786:
  generating : 91%
2017-10-10 16:36:52,794:
  generating : 92%
2017-10-10 16:36:52,802:
  generating : 93%
2017-10-10 16:36:52,808:
  generating : 94%
2017-10-10 16:36:52,818:
  generating : 95%
2017-10-10 16:36:52,829:
  generating : 96%
2017-10-10 16:36:52,832:
  generating : 97%
2017-10-10 16:36:52,852:
  generating : 98%
2017-10-10 16:36:52,858:
  generating : 99%
2017-10-10 16:36:52,865:
  generating : 100%
2017-10-10 16:36:52,890:
  Base_norm
2017-10-10 16:37:16,619:
  data len:1000
2017-10-10 16:37:16,631:
  generating : 1%
2017-10-10 16:37:16,639:
  generating : 2%
2017-10-10 16:37:16,646:
  generating : 3%
2017-10-10 16:37:16,653:
  generating : 4%
2017-10-10 16:37:16,661:
  generating : 5%
2017-10-10 16:37:16,667:
  generating : 6%
2017-10-10 16:37:16,673:
  generating : 7%
2017-10-10 16:37:16,680:
  generating : 8%
2017-10-10 16:37:16,691:
  generating : 9%
2017-10-10 16:37:16,696:
  generating : 10%
2017-10-10 16:37:16,701:
  generating : 11%
2017-10-10 16:37:16,708:
  generating : 12%
2017-10-10 16:37:16,715:
  generating : 13%
2017-10-10 16:37:16,725:
  generating : 14%
2017-10-10 16:37:16,731:
  generating : 15%
2017-10-10 16:37:16,737:
  generating : 16%
2017-10-10 16:37:16,744:
  generating : 17%
2017-10-10 16:37:16,752:
  generating : 18%
2017-10-10 16:37:16,760:
  generating : 19%
2017-10-10 16:37:16,766:
  generating : 20%
2017-10-10 16:37:16,774:
  generating : 21%
2017-10-10 16:37:16,778:
  generating : 22%
2017-10-10 16:37:16,786:
  generating : 23%
2017-10-10 16:37:16,789:
  generating : 24%
2017-10-10 16:37:16,796:
  generating : 25%
2017-10-10 16:37:16,802:
  generating : 26%
2017-10-10 16:37:16,808:
  generating : 27%
2017-10-10 16:37:16,814:
  generating : 28%
2017-10-10 16:37:16,819:
  generating : 29%
2017-10-10 16:37:16,827:
  generating : 30%
2017-10-10 16:37:16,848:
  generating : 31%
2017-10-10 16:37:16,858:
  generating : 32%
2017-10-10 16:37:16,870:
  generating : 33%
2017-10-10 16:37:16,875:
  generating : 34%
2017-10-10 16:37:16,884:
  generating : 35%
2017-10-10 16:37:16,890:
  generating : 36%
2017-10-10 16:37:16,896:
  generating : 37%
2017-10-10 16:37:16,902:
  generating : 38%
2017-10-10 16:37:16,907:
  generating : 39%
2017-10-10 16:37:16,917:
  generating : 40%
2017-10-10 16:37:16,918:
  generating : 41%
2017-10-10 16:37:16,923:
  generating : 42%
2017-10-10 16:37:16,929:
  generating : 43%
2017-10-10 16:37:16,936:
  generating : 44%
2017-10-10 16:37:16,943:
  generating : 45%
2017-10-10 16:37:16,952:
  generating : 46%
2017-10-10 16:37:16,958:
  generating : 47%
2017-10-10 16:37:16,966:
  generating : 48%
2017-10-10 16:37:16,973:
  generating : 49%
2017-10-10 16:37:16,980:
  generating : 50%
2017-10-10 16:37:16,988:
  generating : 51%
2017-10-10 16:37:16,995:
  generating : 52%
2017-10-10 16:37:17,005:
  generating : 53%
2017-10-10 16:37:17,011:
  generating : 54%
2017-10-10 16:37:17,016:
  generating : 55%
2017-10-10 16:37:17,022:
  generating : 56%
2017-10-10 16:37:17,030:
  generating : 57%
2017-10-10 16:37:17,039:
  generating : 58%
2017-10-10 16:37:17,043:
  generating : 59%
2017-10-10 16:37:17,052:
  generating : 60%
2017-10-10 16:37:17,060:
  generating : 61%
2017-10-10 16:37:17,070:
  generating : 62%
2017-10-10 16:37:17,077:
  generating : 63%
2017-10-10 16:37:17,086:
  generating : 64%
2017-10-10 16:37:17,095:
  generating : 65%
2017-10-10 16:37:17,102:
  generating : 66%
2017-10-10 16:37:17,109:
  generating : 67%
2017-10-10 16:37:17,115:
  generating : 68%
2017-10-10 16:37:17,120:
  generating : 69%
2017-10-10 16:37:17,130:
  generating : 70%
2017-10-10 16:37:17,140:
  generating : 71%
2017-10-10 16:37:17,148:
  generating : 72%
2017-10-10 16:37:17,154:
  generating : 73%
2017-10-10 16:37:17,159:
  generating : 74%
2017-10-10 16:37:17,165:
  generating : 75%
2017-10-10 16:37:17,170:
  generating : 76%
2017-10-10 16:37:17,175:
  generating : 77%
2017-10-10 16:37:17,181:
  generating : 78%
2017-10-10 16:37:17,189:
  generating : 79%
2017-10-10 16:37:17,196:
  generating : 80%
2017-10-10 16:37:17,201:
  generating : 81%
2017-10-10 16:37:17,208:
  generating : 82%
2017-10-10 16:37:17,215:
  generating : 83%
2017-10-10 16:37:17,221:
  generating : 84%
2017-10-10 16:37:17,230:
  generating : 85%
2017-10-10 16:37:17,238:
  generating : 86%
2017-10-10 16:37:17,245:
  generating : 87%
2017-10-10 16:37:17,253:
  generating : 88%
2017-10-10 16:37:17,262:
  generating : 89%
2017-10-10 16:37:17,270:
  generating : 90%
2017-10-10 16:37:17,277:
  generating : 91%
2017-10-10 16:37:17,287:
  generating : 92%
2017-10-10 16:37:17,295:
  generating : 93%
2017-10-10 16:37:17,302:
  generating : 94%
2017-10-10 16:37:17,311:
  generating : 95%
2017-10-10 16:37:17,320:
  generating : 96%
2017-10-10 16:37:17,328:
  generating : 97%
2017-10-10 16:37:17,337:
  generating : 98%
2017-10-10 16:37:17,338:
  generating : 99%
2017-10-10 16:37:17,339:
  generating : 100%
2017-10-10 16:37:17,363:
  Base_norm
2017-10-10 16:37:21,886:
  data len:1000
2017-10-10 16:37:21,899:
  generating : 1%
2017-10-10 16:37:21,905:
  generating : 2%
2017-10-10 16:37:21,913:
  generating : 3%
2017-10-10 16:37:21,926:
  generating : 4%
2017-10-10 16:37:21,932:
  generating : 5%
2017-10-10 16:37:21,941:
  generating : 6%
2017-10-10 16:37:21,950:
  generating : 7%
2017-10-10 16:37:21,955:
  generating : 8%
2017-10-10 16:37:21,962:
  generating : 9%
2017-10-10 16:37:21,972:
  generating : 10%
2017-10-10 16:37:21,978:
  generating : 11%
2017-10-10 16:37:21,983:
  generating : 12%
2017-10-10 16:37:21,990:
  generating : 13%
2017-10-10 16:37:21,996:
  generating : 14%
2017-10-10 16:37:22,004:
  generating : 15%
2017-10-10 16:37:22,013:
  generating : 16%
2017-10-10 16:37:22,019:
  generating : 17%
2017-10-10 16:37:22,028:
  generating : 18%
2017-10-10 16:37:22,033:
  generating : 19%
2017-10-10 16:37:22,039:
  generating : 20%
2017-10-10 16:37:22,046:
  generating : 21%
2017-10-10 16:37:22,054:
  generating : 22%
2017-10-10 16:37:22,062:
  generating : 23%
2017-10-10 16:37:22,066:
  generating : 24%
2017-10-10 16:37:22,073:
  generating : 25%
2017-10-10 16:37:22,080:
  generating : 26%
2017-10-10 16:37:22,086:
  generating : 27%
2017-10-10 16:37:22,097:
  generating : 28%
2017-10-10 16:37:22,108:
  generating : 29%
2017-10-10 16:37:22,117:
  generating : 30%
2017-10-10 16:37:22,125:
  generating : 31%
2017-10-10 16:37:22,137:
  generating : 32%
2017-10-10 16:37:22,144:
  generating : 33%
2017-10-10 16:37:22,151:
  generating : 34%
2017-10-10 16:37:22,159:
  generating : 35%
2017-10-10 16:37:22,167:
  generating : 36%
2017-10-10 16:37:22,174:
  generating : 37%
2017-10-10 16:37:22,186:
  generating : 38%
2017-10-10 16:37:22,191:
  generating : 39%
2017-10-10 16:37:22,200:
  generating : 40%
2017-10-10 16:37:22,206:
  generating : 41%
2017-10-10 16:37:22,211:
  generating : 42%
2017-10-10 16:37:22,216:
  generating : 43%
2017-10-10 16:37:22,223:
  generating : 44%
2017-10-10 16:37:22,227:
  generating : 45%
2017-10-10 16:37:22,235:
  generating : 46%
2017-10-10 16:37:22,240:
  generating : 47%
2017-10-10 16:37:22,245:
  generating : 48%
2017-10-10 16:37:22,251:
  generating : 49%
2017-10-10 16:37:22,259:
  generating : 50%
2017-10-10 16:37:22,265:
  generating : 51%
2017-10-10 16:37:22,276:
  generating : 52%
2017-10-10 16:37:22,281:
  generating : 53%
2017-10-10 16:37:22,287:
  generating : 54%
2017-10-10 16:37:22,296:
  generating : 55%
2017-10-10 16:37:22,303:
  generating : 56%
2017-10-10 16:37:22,312:
  generating : 57%
2017-10-10 16:37:22,319:
  generating : 58%
2017-10-10 16:37:22,323:
  generating : 59%
2017-10-10 16:37:22,329:
  generating : 60%
2017-10-10 16:37:22,344:
  generating : 61%
2017-10-10 16:37:22,355:
  generating : 62%
2017-10-10 16:37:22,361:
  generating : 63%
2017-10-10 16:37:22,369:
  generating : 64%
2017-10-10 16:37:22,375:
  generating : 65%
2017-10-10 16:37:22,382:
  generating : 66%
2017-10-10 16:37:22,392:
  generating : 67%
2017-10-10 16:37:22,398:
  generating : 68%
2017-10-10 16:37:22,405:
  generating : 69%
2017-10-10 16:37:22,414:
  generating : 70%
2017-10-10 16:37:22,422:
  generating : 71%
2017-10-10 16:37:22,429:
  generating : 72%
2017-10-10 16:37:22,437:
  generating : 73%
2017-10-10 16:37:22,442:
  generating : 74%
2017-10-10 16:37:22,450:
  generating : 75%
2017-10-10 16:37:22,457:
  generating : 76%
2017-10-10 16:37:22,460:
  generating : 77%
2017-10-10 16:37:22,467:
  generating : 78%
2017-10-10 16:37:22,474:
  generating : 79%
2017-10-10 16:37:22,479:
  generating : 80%
2017-10-10 16:37:22,485:
  generating : 81%
2017-10-10 16:37:22,492:
  generating : 82%
2017-10-10 16:37:22,502:
  generating : 83%
2017-10-10 16:37:22,510:
  generating : 84%
2017-10-10 16:37:22,517:
  generating : 85%
2017-10-10 16:37:22,529:
  generating : 86%
2017-10-10 16:37:22,538:
  generating : 87%
2017-10-10 16:37:22,546:
  generating : 88%
2017-10-10 16:37:22,554:
  generating : 89%
2017-10-10 16:37:22,559:
  generating : 90%
2017-10-10 16:37:22,567:
  generating : 91%
2017-10-10 16:37:22,571:
  generating : 92%
2017-10-10 16:37:22,580:
  generating : 93%
2017-10-10 16:37:22,590:
  generating : 94%
2017-10-10 16:37:22,597:
  generating : 95%
2017-10-10 16:37:22,607:
  generating : 96%
2017-10-10 16:37:22,614:
  generating : 97%
2017-10-10 16:37:22,622:
  generating : 98%
2017-10-10 16:37:22,626:
  generating : 99%
2017-10-10 16:37:22,631:
  generating : 100%
2017-10-10 16:37:22,667:
  Base_norm
2017-10-10 16:37:47,442:
  data len:1000
2017-10-10 16:37:47,459:
  generating : 1%
2017-10-10 16:37:47,469:
  generating : 2%
2017-10-10 16:37:47,473:
  generating : 3%
2017-10-10 16:37:47,483:
  generating : 4%
2017-10-10 16:37:47,489:
  generating : 5%
2017-10-10 16:37:47,495:
  generating : 6%
2017-10-10 16:37:47,503:
  generating : 7%
2017-10-10 16:37:47,508:
  generating : 8%
2017-10-10 16:37:47,516:
  generating : 9%
2017-10-10 16:37:47,525:
  generating : 10%
2017-10-10 16:37:47,533:
  generating : 11%
2017-10-10 16:37:47,541:
  generating : 12%
2017-10-10 16:37:47,549:
  generating : 13%
2017-10-10 16:37:47,555:
  generating : 14%
2017-10-10 16:37:47,563:
  generating : 15%
2017-10-10 16:37:47,571:
  generating : 16%
2017-10-10 16:37:47,577:
  generating : 17%
2017-10-10 16:37:47,583:
  generating : 18%
2017-10-10 16:37:47,592:
  generating : 19%
2017-10-10 16:37:47,598:
  generating : 20%
2017-10-10 16:37:47,605:
  generating : 21%
2017-10-10 16:37:47,611:
  generating : 22%
2017-10-10 16:37:47,616:
  generating : 23%
2017-10-10 16:37:47,624:
  generating : 24%
2017-10-10 16:37:47,636:
  generating : 25%
2017-10-10 16:37:47,655:
  generating : 26%
2017-10-10 16:37:47,667:
  generating : 27%
2017-10-10 16:37:47,674:
  generating : 28%
2017-10-10 16:37:47,681:
  generating : 29%
2017-10-10 16:37:47,689:
  generating : 30%
2017-10-10 16:37:47,697:
  generating : 31%
2017-10-10 16:37:47,703:
  generating : 32%
2017-10-10 16:37:47,714:
  generating : 33%
2017-10-10 16:37:47,723:
  generating : 34%
2017-10-10 16:37:47,734:
  generating : 35%
2017-10-10 16:37:47,737:
  generating : 36%
2017-10-10 16:37:47,745:
  generating : 37%
2017-10-10 16:37:47,749:
  generating : 38%
2017-10-10 16:37:47,757:
  generating : 39%
2017-10-10 16:37:47,765:
  generating : 40%
2017-10-10 16:37:47,771:
  generating : 41%
2017-10-10 16:37:47,779:
  generating : 42%
2017-10-10 16:37:47,786:
  generating : 43%
2017-10-10 16:37:47,794:
  generating : 44%
2017-10-10 16:37:47,799:
  generating : 45%
2017-10-10 16:37:47,806:
  generating : 46%
2017-10-10 16:37:47,811:
  generating : 47%
2017-10-10 16:37:47,818:
  generating : 48%
2017-10-10 16:37:47,825:
  generating : 49%
2017-10-10 16:37:47,847:
  generating : 50%
2017-10-10 16:37:47,852:
  generating : 51%
2017-10-10 16:37:47,864:
  generating : 52%
2017-10-10 16:37:47,873:
  generating : 53%
2017-10-10 16:37:47,878:
  generating : 54%
2017-10-10 16:37:47,885:
  generating : 55%
2017-10-10 16:37:47,894:
  generating : 56%
2017-10-10 16:37:47,903:
  generating : 57%
2017-10-10 16:37:47,911:
  generating : 58%
2017-10-10 16:37:47,916:
  generating : 59%
2017-10-10 16:37:47,925:
  generating : 60%
2017-10-10 16:37:47,933:
  generating : 61%
2017-10-10 16:37:47,942:
  generating : 62%
2017-10-10 16:37:47,949:
  generating : 63%
2017-10-10 16:37:47,954:
  generating : 64%
2017-10-10 16:37:47,963:
  generating : 65%
2017-10-10 16:37:47,970:
  generating : 66%
2017-10-10 16:37:47,975:
  generating : 67%
2017-10-10 16:37:47,982:
  generating : 68%
2017-10-10 16:37:47,989:
  generating : 69%
2017-10-10 16:37:47,994:
  generating : 70%
2017-10-10 16:37:48,005:
  generating : 71%
2017-10-10 16:37:48,013:
  generating : 72%
2017-10-10 16:37:48,020:
  generating : 73%
2017-10-10 16:37:48,024:
  generating : 74%
2017-10-10 16:37:48,032:
  generating : 75%
2017-10-10 16:37:48,042:
  generating : 76%
2017-10-10 16:37:48,047:
  generating : 77%
2017-10-10 16:37:48,058:
  generating : 78%
2017-10-10 16:37:48,064:
  generating : 79%
2017-10-10 16:37:48,069:
  generating : 80%
2017-10-10 16:37:48,078:
  generating : 81%
2017-10-10 16:37:48,090:
  generating : 82%
2017-10-10 16:37:48,095:
  generating : 83%
2017-10-10 16:37:48,101:
  generating : 84%
2017-10-10 16:37:48,108:
  generating : 85%
2017-10-10 16:37:48,117:
  generating : 86%
2017-10-10 16:37:48,123:
  generating : 87%
2017-10-10 16:37:48,133:
  generating : 88%
2017-10-10 16:37:48,143:
  generating : 89%
2017-10-10 16:37:48,150:
  generating : 90%
2017-10-10 16:37:48,153:
  generating : 91%
2017-10-10 16:37:48,159:
  generating : 92%
2017-10-10 16:37:48,166:
  generating : 93%
2017-10-10 16:37:48,171:
  generating : 94%
2017-10-10 16:37:48,179:
  generating : 95%
2017-10-10 16:37:48,186:
  generating : 96%
2017-10-10 16:37:48,193:
  generating : 97%
2017-10-10 16:37:48,200:
  generating : 98%
2017-10-10 16:37:48,205:
  generating : 99%
2017-10-10 16:37:48,209:
  generating : 100%
2017-10-10 16:37:48,234:
  Base_norm
2017-10-10 16:40:06,734:
  data len:1000
2017-10-10 16:40:06,746:
  generating : 1%
2017-10-10 16:40:06,753:
  generating : 2%
2017-10-10 16:40:06,758:
  generating : 3%
2017-10-10 16:40:06,765:
  generating : 4%
2017-10-10 16:40:06,771:
  generating : 5%
2017-10-10 16:40:06,778:
  generating : 6%
2017-10-10 16:40:06,784:
  generating : 7%
2017-10-10 16:40:06,790:
  generating : 8%
2017-10-10 16:40:06,795:
  generating : 9%
2017-10-10 16:40:06,801:
  generating : 10%
2017-10-10 16:40:06,808:
  generating : 11%
2017-10-10 16:40:06,814:
  generating : 12%
2017-10-10 16:40:06,821:
  generating : 13%
2017-10-10 16:40:06,826:
  generating : 14%
2017-10-10 16:40:06,832:
  generating : 15%
2017-10-10 16:40:06,845:
  generating : 16%
2017-10-10 16:40:06,852:
  generating : 17%
2017-10-10 16:40:06,856:
  generating : 18%
2017-10-10 16:40:06,861:
  generating : 19%
2017-10-10 16:40:06,869:
  generating : 20%
2017-10-10 16:40:06,879:
  generating : 21%
2017-10-10 16:40:06,887:
  generating : 22%
2017-10-10 16:40:06,894:
  generating : 23%
2017-10-10 16:40:06,902:
  generating : 24%
2017-10-10 16:40:06,910:
  generating : 25%
2017-10-10 16:40:06,919:
  generating : 26%
2017-10-10 16:40:06,924:
  generating : 27%
2017-10-10 16:40:06,930:
  generating : 28%
2017-10-10 16:40:06,936:
  generating : 29%
2017-10-10 16:40:06,948:
  generating : 30%
2017-10-10 16:40:06,956:
  generating : 31%
2017-10-10 16:40:06,966:
  generating : 32%
2017-10-10 16:40:06,973:
  generating : 33%
2017-10-10 16:40:06,982:
  generating : 34%
2017-10-10 16:40:06,990:
  generating : 35%
2017-10-10 16:40:06,998:
  generating : 36%
2017-10-10 16:40:07,003:
  generating : 37%
2017-10-10 16:40:07,008:
  generating : 38%
2017-10-10 16:40:07,017:
  generating : 39%
2017-10-10 16:40:07,023:
  generating : 40%
2017-10-10 16:40:07,030:
  generating : 41%
2017-10-10 16:40:07,039:
  generating : 42%
2017-10-10 16:40:07,047:
  generating : 43%
2017-10-10 16:40:07,053:
  generating : 44%
2017-10-10 16:40:07,058:
  generating : 45%
2017-10-10 16:40:07,066:
  generating : 46%
2017-10-10 16:40:07,072:
  generating : 47%
2017-10-10 16:40:07,083:
  generating : 48%
2017-10-10 16:40:07,090:
  generating : 49%
2017-10-10 16:40:07,093:
  generating : 50%
2017-10-10 16:40:07,100:
  generating : 51%
2017-10-10 16:40:07,107:
  generating : 52%
2017-10-10 16:40:07,113:
  generating : 53%
2017-10-10 16:40:07,120:
  generating : 54%
2017-10-10 16:40:07,129:
  generating : 55%
2017-10-10 16:40:07,133:
  generating : 56%
2017-10-10 16:40:07,143:
  generating : 57%
2017-10-10 16:40:07,151:
  generating : 58%
2017-10-10 16:40:07,159:
  generating : 59%
2017-10-10 16:40:07,171:
  generating : 60%
2017-10-10 16:40:07,179:
  generating : 61%
2017-10-10 16:40:07,188:
  generating : 62%
2017-10-10 16:40:07,195:
  generating : 63%
2017-10-10 16:40:07,199:
  generating : 64%
2017-10-10 16:40:07,215:
  generating : 65%
2017-10-10 16:40:07,222:
  generating : 66%
2017-10-10 16:40:07,228:
  generating : 67%
2017-10-10 16:40:07,234:
  generating : 68%
2017-10-10 16:40:07,246:
  generating : 69%
2017-10-10 16:40:07,256:
  generating : 70%
2017-10-10 16:40:07,263:
  generating : 71%
2017-10-10 16:40:07,267:
  generating : 72%
2017-10-10 16:40:07,276:
  generating : 73%
2017-10-10 16:40:07,279:
  generating : 74%
2017-10-10 16:40:07,287:
  generating : 75%
2017-10-10 16:40:07,293:
  generating : 76%
2017-10-10 16:40:07,301:
  generating : 77%
2017-10-10 16:40:07,307:
  generating : 78%
2017-10-10 16:40:07,316:
  generating : 79%
2017-10-10 16:40:07,321:
  generating : 80%
2017-10-10 16:40:07,328:
  generating : 81%
2017-10-10 16:40:07,334:
  generating : 82%
2017-10-10 16:40:07,342:
  generating : 83%
2017-10-10 16:40:07,352:
  generating : 84%
2017-10-10 16:40:07,361:
  generating : 85%
2017-10-10 16:40:07,368:
  generating : 86%
2017-10-10 16:40:07,375:
  generating : 87%
2017-10-10 16:40:07,383:
  generating : 88%
2017-10-10 16:40:07,390:
  generating : 89%
2017-10-10 16:40:07,397:
  generating : 90%
2017-10-10 16:40:07,407:
  generating : 91%
2017-10-10 16:40:07,414:
  generating : 92%
2017-10-10 16:40:07,423:
  generating : 93%
2017-10-10 16:40:07,431:
  generating : 94%
2017-10-10 16:40:07,438:
  generating : 95%
2017-10-10 16:40:07,447:
  generating : 96%
2017-10-10 16:40:07,452:
  generating : 97%
2017-10-10 16:40:07,458:
  generating : 98%
2017-10-10 16:40:07,462:
  generating : 99%
2017-10-10 16:40:07,463:
  generating : 100%
2017-10-10 16:40:07,487:
  Base_norm
2017-10-10 16:40:21,134:
  data len:1000
2017-10-10 16:40:21,146:
  generating : 1%
2017-10-10 16:40:21,153:
  generating : 2%
2017-10-10 16:40:21,158:
  generating : 3%
2017-10-10 16:40:21,164:
  generating : 4%
2017-10-10 16:40:21,170:
  generating : 5%
2017-10-10 16:40:21,177:
  generating : 6%
2017-10-10 16:40:21,183:
  generating : 7%
2017-10-10 16:40:21,189:
  generating : 8%
2017-10-10 16:40:21,198:
  generating : 9%
2017-10-10 16:40:21,205:
  generating : 10%
2017-10-10 16:40:21,211:
  generating : 11%
2017-10-10 16:40:21,220:
  generating : 12%
2017-10-10 16:40:21,224:
  generating : 13%
2017-10-10 16:40:21,230:
  generating : 14%
2017-10-10 16:40:21,237:
  generating : 15%
2017-10-10 16:40:21,245:
  generating : 16%
2017-10-10 16:40:21,252:
  generating : 17%
2017-10-10 16:40:21,259:
  generating : 18%
2017-10-10 16:40:21,264:
  generating : 19%
2017-10-10 16:40:21,271:
  generating : 20%
2017-10-10 16:40:21,280:
  generating : 21%
2017-10-10 16:40:21,287:
  generating : 22%
2017-10-10 16:40:21,294:
  generating : 23%
2017-10-10 16:40:21,301:
  generating : 24%
2017-10-10 16:40:21,310:
  generating : 25%
2017-10-10 16:40:21,315:
  generating : 26%
2017-10-10 16:40:21,322:
  generating : 27%
2017-10-10 16:40:21,331:
  generating : 28%
2017-10-10 16:40:21,339:
  generating : 29%
2017-10-10 16:40:21,347:
  generating : 30%
2017-10-10 16:40:21,356:
  generating : 31%
2017-10-10 16:40:21,368:
  generating : 32%
2017-10-10 16:40:21,374:
  generating : 33%
2017-10-10 16:40:21,384:
  generating : 34%
2017-10-10 16:40:21,392:
  generating : 35%
2017-10-10 16:40:21,398:
  generating : 36%
2017-10-10 16:40:21,406:
  generating : 37%
2017-10-10 16:40:21,412:
  generating : 38%
2017-10-10 16:40:21,421:
  generating : 39%
2017-10-10 16:40:21,428:
  generating : 40%
2017-10-10 16:40:21,435:
  generating : 41%
2017-10-10 16:40:21,440:
  generating : 42%
2017-10-10 16:40:21,445:
  generating : 43%
2017-10-10 16:40:21,451:
  generating : 44%
2017-10-10 16:40:21,459:
  generating : 45%
2017-10-10 16:40:21,464:
  generating : 46%
2017-10-10 16:40:21,471:
  generating : 47%
2017-10-10 16:40:21,478:
  generating : 48%
2017-10-10 16:40:21,488:
  generating : 49%
2017-10-10 16:40:21,496:
  generating : 50%
2017-10-10 16:40:21,507:
  generating : 51%
2017-10-10 16:40:21,517:
  generating : 52%
2017-10-10 16:40:21,523:
  generating : 53%
2017-10-10 16:40:21,538:
  generating : 54%
2017-10-10 16:40:21,547:
  generating : 55%
2017-10-10 16:40:21,554:
  generating : 56%
2017-10-10 16:40:21,562:
  generating : 57%
2017-10-10 16:40:21,570:
  generating : 58%
2017-10-10 16:40:21,576:
  generating : 59%
2017-10-10 16:40:21,586:
  generating : 60%
2017-10-10 16:40:21,593:
  generating : 61%
2017-10-10 16:40:21,601:
  generating : 62%
2017-10-10 16:40:21,608:
  generating : 63%
2017-10-10 16:40:21,613:
  generating : 64%
2017-10-10 16:40:21,623:
  generating : 65%
2017-10-10 16:40:21,631:
  generating : 66%
2017-10-10 16:40:21,638:
  generating : 67%
2017-10-10 16:40:21,642:
  generating : 68%
2017-10-10 16:40:21,650:
  generating : 69%
2017-10-10 16:40:21,656:
  generating : 70%
2017-10-10 16:40:21,662:
  generating : 71%
2017-10-10 16:40:21,669:
  generating : 72%
2017-10-10 16:40:21,673:
  generating : 73%
2017-10-10 16:40:21,682:
  generating : 74%
2017-10-10 16:40:21,687:
  generating : 75%
2017-10-10 16:40:21,695:
  generating : 76%
2017-10-10 16:40:21,703:
  generating : 77%
2017-10-10 16:40:21,708:
  generating : 78%
2017-10-10 16:40:21,715:
  generating : 79%
2017-10-10 16:40:21,721:
  generating : 80%
2017-10-10 16:40:21,730:
  generating : 81%
2017-10-10 16:40:21,738:
  generating : 82%
2017-10-10 16:40:21,747:
  generating : 83%
2017-10-10 16:40:21,762:
  generating : 84%
2017-10-10 16:40:21,769:
  generating : 85%
2017-10-10 16:40:21,779:
  generating : 86%
2017-10-10 16:40:21,784:
  generating : 87%
2017-10-10 16:40:21,793:
  generating : 88%
2017-10-10 16:40:21,802:
  generating : 89%
2017-10-10 16:40:21,811:
  generating : 90%
2017-10-10 16:40:21,817:
  generating : 91%
2017-10-10 16:40:21,828:
  generating : 92%
2017-10-10 16:40:21,845:
  generating : 93%
2017-10-10 16:40:21,851:
  generating : 94%
2017-10-10 16:40:21,855:
  generating : 95%
2017-10-10 16:40:21,864:
  generating : 96%
2017-10-10 16:40:21,870:
  generating : 97%
2017-10-10 16:40:21,880:
  generating : 98%
2017-10-10 16:40:21,882:
  generating : 99%
2017-10-10 16:40:21,882:
  generating : 100%
2017-10-10 16:40:21,913:
  Base_norm
2017-10-10 16:40:39,601:
  data len:1000
2017-10-10 16:40:39,613:
  generating : 1%
2017-10-10 16:40:39,619:
  generating : 2%
2017-10-10 16:40:39,628:
  generating : 3%
2017-10-10 16:40:39,634:
  generating : 4%
2017-10-10 16:40:39,640:
  generating : 5%
2017-10-10 16:40:39,648:
  generating : 6%
2017-10-10 16:40:39,655:
  generating : 7%
2017-10-10 16:40:39,662:
  generating : 8%
2017-10-10 16:40:39,669:
  generating : 9%
2017-10-10 16:40:39,676:
  generating : 10%
2017-10-10 16:40:39,683:
  generating : 11%
2017-10-10 16:40:39,689:
  generating : 12%
2017-10-10 16:40:39,697:
  generating : 13%
2017-10-10 16:40:39,704:
  generating : 14%
2017-10-10 16:40:39,710:
  generating : 15%
2017-10-10 16:40:39,717:
  generating : 16%
2017-10-10 16:40:39,723:
  generating : 17%
2017-10-10 16:40:39,733:
  generating : 18%
2017-10-10 16:40:39,736:
  generating : 19%
2017-10-10 16:40:39,743:
  generating : 20%
2017-10-10 16:40:39,749:
  generating : 21%
2017-10-10 16:40:39,754:
  generating : 22%
2017-10-10 16:40:39,759:
  generating : 23%
2017-10-10 16:40:39,764:
  generating : 24%
2017-10-10 16:40:39,771:
  generating : 25%
2017-10-10 16:40:39,779:
  generating : 26%
2017-10-10 16:40:39,784:
  generating : 27%
2017-10-10 16:40:39,794:
  generating : 28%
2017-10-10 16:40:39,798:
  generating : 29%
2017-10-10 16:40:39,802:
  generating : 30%
2017-10-10 16:40:39,811:
  generating : 31%
2017-10-10 16:40:39,820:
  generating : 32%
2017-10-10 16:40:39,826:
  generating : 33%
2017-10-10 16:40:39,835:
  generating : 34%
2017-10-10 16:40:39,849:
  generating : 35%
2017-10-10 16:40:39,854:
  generating : 36%
2017-10-10 16:40:39,865:
  generating : 37%
2017-10-10 16:40:39,873:
  generating : 38%
2017-10-10 16:40:39,878:
  generating : 39%
2017-10-10 16:40:39,884:
  generating : 40%
2017-10-10 16:40:39,888:
  generating : 41%
2017-10-10 16:40:39,897:
  generating : 42%
2017-10-10 16:40:39,902:
  generating : 43%
2017-10-10 16:40:39,913:
  generating : 44%
2017-10-10 16:40:39,920:
  generating : 45%
2017-10-10 16:40:39,927:
  generating : 46%
2017-10-10 16:40:39,937:
  generating : 47%
2017-10-10 16:40:39,941:
  generating : 48%
2017-10-10 16:40:39,946:
  generating : 49%
2017-10-10 16:40:39,952:
  generating : 50%
2017-10-10 16:40:39,958:
  generating : 51%
2017-10-10 16:40:39,967:
  generating : 52%
2017-10-10 16:40:39,974:
  generating : 53%
2017-10-10 16:40:39,981:
  generating : 54%
2017-10-10 16:40:39,991:
  generating : 55%
2017-10-10 16:40:39,996:
  generating : 56%
2017-10-10 16:40:40,012:
  generating : 57%
2017-10-10 16:40:40,023:
  generating : 58%
2017-10-10 16:40:40,032:
  generating : 59%
2017-10-10 16:40:40,040:
  generating : 60%
2017-10-10 16:40:40,050:
  generating : 61%
2017-10-10 16:40:40,058:
  generating : 62%
2017-10-10 16:40:40,065:
  generating : 63%
2017-10-10 16:40:40,070:
  generating : 64%
2017-10-10 16:40:40,076:
  generating : 65%
2017-10-10 16:40:40,087:
  generating : 66%
2017-10-10 16:40:40,092:
  generating : 67%
2017-10-10 16:40:40,098:
  generating : 68%
2017-10-10 16:40:40,104:
  generating : 69%
2017-10-10 16:40:40,112:
  generating : 70%
2017-10-10 16:40:40,119:
  generating : 71%
2017-10-10 16:40:40,126:
  generating : 72%
2017-10-10 16:40:40,133:
  generating : 73%
2017-10-10 16:40:40,141:
  generating : 74%
2017-10-10 16:40:40,149:
  generating : 75%
2017-10-10 16:40:40,157:
  generating : 76%
2017-10-10 16:40:40,163:
  generating : 77%
2017-10-10 16:40:40,170:
  generating : 78%
2017-10-10 16:40:40,176:
  generating : 79%
2017-10-10 16:40:40,184:
  generating : 80%
2017-10-10 16:40:40,191:
  generating : 81%
2017-10-10 16:40:40,200:
  generating : 82%
2017-10-10 16:40:40,204:
  generating : 83%
2017-10-10 16:40:40,212:
  generating : 84%
2017-10-10 16:40:40,219:
  generating : 85%
2017-10-10 16:40:40,226:
  generating : 86%
2017-10-10 16:40:40,236:
  generating : 87%
2017-10-10 16:40:40,248:
  generating : 88%
2017-10-10 16:40:40,254:
  generating : 89%
2017-10-10 16:40:40,263:
  generating : 90%
2017-10-10 16:40:40,274:
  generating : 91%
2017-10-10 16:40:40,281:
  generating : 92%
2017-10-10 16:40:40,288:
  generating : 93%
2017-10-10 16:40:40,297:
  generating : 94%
2017-10-10 16:40:40,305:
  generating : 95%
2017-10-10 16:40:40,312:
  generating : 96%
2017-10-10 16:40:40,319:
  generating : 97%
2017-10-10 16:40:40,327:
  generating : 98%
2017-10-10 16:40:40,330:
  generating : 99%
2017-10-10 16:40:40,330:
  generating : 100%
2017-10-10 16:40:40,354:
  Base_norm
2017-10-10 16:40:45,244:
  data len:1000
2017-10-10 16:40:45,256:
  generating : 1%
2017-10-10 16:40:45,263:
  generating : 2%
2017-10-10 16:40:45,272:
  generating : 3%
2017-10-10 16:40:45,278:
  generating : 4%
2017-10-10 16:40:45,283:
  generating : 5%
2017-10-10 16:40:45,290:
  generating : 6%
2017-10-10 16:40:45,297:
  generating : 7%
2017-10-10 16:40:45,303:
  generating : 8%
2017-10-10 16:40:45,312:
  generating : 9%
2017-10-10 16:40:45,317:
  generating : 10%
2017-10-10 16:40:45,324:
  generating : 11%
2017-10-10 16:40:45,332:
  generating : 12%
2017-10-10 16:40:45,339:
  generating : 13%
2017-10-10 16:40:45,345:
  generating : 14%
2017-10-10 16:40:45,354:
  generating : 15%
2017-10-10 16:40:45,359:
  generating : 16%
2017-10-10 16:40:45,366:
  generating : 17%
2017-10-10 16:40:45,373:
  generating : 18%
2017-10-10 16:40:45,380:
  generating : 19%
2017-10-10 16:40:45,387:
  generating : 20%
2017-10-10 16:40:45,396:
  generating : 21%
2017-10-10 16:40:45,404:
  generating : 22%
2017-10-10 16:40:45,411:
  generating : 23%
2017-10-10 16:40:45,416:
  generating : 24%
2017-10-10 16:40:45,422:
  generating : 25%
2017-10-10 16:40:45,425:
  generating : 26%
2017-10-10 16:40:45,431:
  generating : 27%
2017-10-10 16:40:45,435:
  generating : 28%
2017-10-10 16:40:45,445:
  generating : 29%
2017-10-10 16:40:45,453:
  generating : 30%
2017-10-10 16:40:45,460:
  generating : 31%
2017-10-10 16:40:45,469:
  generating : 32%
2017-10-10 16:40:45,481:
  generating : 33%
2017-10-10 16:40:45,485:
  generating : 34%
2017-10-10 16:40:45,491:
  generating : 35%
2017-10-10 16:40:45,498:
  generating : 36%
2017-10-10 16:40:45,506:
  generating : 37%
2017-10-10 16:40:45,517:
  generating : 38%
2017-10-10 16:40:45,523:
  generating : 39%
2017-10-10 16:40:45,529:
  generating : 40%
2017-10-10 16:40:45,535:
  generating : 41%
2017-10-10 16:40:45,545:
  generating : 42%
2017-10-10 16:40:45,551:
  generating : 43%
2017-10-10 16:40:45,557:
  generating : 44%
2017-10-10 16:40:45,564:
  generating : 45%
2017-10-10 16:40:45,569:
  generating : 46%
2017-10-10 16:40:45,575:
  generating : 47%
2017-10-10 16:40:45,583:
  generating : 48%
2017-10-10 16:40:45,590:
  generating : 49%
2017-10-10 16:40:45,597:
  generating : 50%
2017-10-10 16:40:45,604:
  generating : 51%
2017-10-10 16:40:45,613:
  generating : 52%
2017-10-10 16:40:45,619:
  generating : 53%
2017-10-10 16:40:45,627:
  generating : 54%
2017-10-10 16:40:45,635:
  generating : 55%
2017-10-10 16:40:45,647:
  generating : 56%
2017-10-10 16:40:45,653:
  generating : 57%
2017-10-10 16:40:45,663:
  generating : 58%
2017-10-10 16:40:45,668:
  generating : 59%
2017-10-10 16:40:45,676:
  generating : 60%
2017-10-10 16:40:45,684:
  generating : 61%
2017-10-10 16:40:45,691:
  generating : 62%
2017-10-10 16:40:45,696:
  generating : 63%
2017-10-10 16:40:45,702:
  generating : 64%
2017-10-10 16:40:45,710:
  generating : 65%
2017-10-10 16:40:45,716:
  generating : 66%
2017-10-10 16:40:45,722:
  generating : 67%
2017-10-10 16:40:45,729:
  generating : 68%
2017-10-10 16:40:45,737:
  generating : 69%
2017-10-10 16:40:45,745:
  generating : 70%
2017-10-10 16:40:45,753:
  generating : 71%
2017-10-10 16:40:45,761:
  generating : 72%
2017-10-10 16:40:45,767:
  generating : 73%
2017-10-10 16:40:45,771:
  generating : 74%
2017-10-10 16:40:45,775:
  generating : 75%
2017-10-10 16:40:45,781:
  generating : 76%
2017-10-10 16:40:45,789:
  generating : 77%
2017-10-10 16:40:45,800:
  generating : 78%
2017-10-10 16:40:45,805:
  generating : 79%
2017-10-10 16:40:45,806:
  generating : 80%
2017-10-10 16:40:45,815:
  generating : 81%
2017-10-10 16:40:45,821:
  generating : 82%
2017-10-10 16:40:45,829:
  generating : 83%
2017-10-10 16:40:45,836:
  generating : 84%
2017-10-10 16:40:45,851:
  generating : 85%
2017-10-10 16:40:45,859:
  generating : 86%
2017-10-10 16:40:45,866:
  generating : 87%
2017-10-10 16:40:45,873:
  generating : 88%
2017-10-10 16:40:45,884:
  generating : 89%
2017-10-10 16:40:45,891:
  generating : 90%
2017-10-10 16:40:45,899:
  generating : 91%
2017-10-10 16:40:45,905:
  generating : 92%
2017-10-10 16:40:45,912:
  generating : 93%
2017-10-10 16:40:45,919:
  generating : 94%
2017-10-10 16:40:45,927:
  generating : 95%
2017-10-10 16:40:45,935:
  generating : 96%
2017-10-10 16:40:45,940:
  generating : 97%
2017-10-10 16:40:45,947:
  generating : 98%
2017-10-10 16:40:45,954:
  generating : 99%
2017-10-10 16:40:45,959:
  generating : 100%
2017-10-10 16:40:45,983:
  Base_norm
2017-10-10 16:40:57,927:
  data len:1000
2017-10-10 16:40:57,939:
  generating : 1%
2017-10-10 16:40:57,947:
  generating : 2%
2017-10-10 16:40:57,955:
  generating : 3%
2017-10-10 16:40:57,961:
  generating : 4%
2017-10-10 16:40:57,967:
  generating : 5%
2017-10-10 16:40:57,975:
  generating : 6%
2017-10-10 16:40:57,980:
  generating : 7%
2017-10-10 16:40:57,986:
  generating : 8%
2017-10-10 16:40:57,994:
  generating : 9%
2017-10-10 16:40:57,999:
  generating : 10%
2017-10-10 16:40:58,004:
  generating : 11%
2017-10-10 16:40:58,011:
  generating : 12%
2017-10-10 16:40:58,018:
  generating : 13%
2017-10-10 16:40:58,026:
  generating : 14%
2017-10-10 16:40:58,032:
  generating : 15%
2017-10-10 16:40:58,040:
  generating : 16%
2017-10-10 16:40:58,048:
  generating : 17%
2017-10-10 16:40:58,054:
  generating : 18%
2017-10-10 16:40:58,060:
  generating : 19%
2017-10-10 16:40:58,066:
  generating : 20%
2017-10-10 16:40:58,074:
  generating : 21%
2017-10-10 16:40:58,081:
  generating : 22%
2017-10-10 16:40:58,091:
  generating : 23%
2017-10-10 16:40:58,100:
  generating : 24%
2017-10-10 16:40:58,105:
  generating : 25%
2017-10-10 16:40:58,112:
  generating : 26%
2017-10-10 16:40:58,116:
  generating : 27%
2017-10-10 16:40:58,121:
  generating : 28%
2017-10-10 16:40:58,132:
  generating : 29%
2017-10-10 16:40:58,140:
  generating : 30%
2017-10-10 16:40:58,148:
  generating : 31%
2017-10-10 16:40:58,158:
  generating : 32%
2017-10-10 16:40:58,166:
  generating : 33%
2017-10-10 16:40:58,173:
  generating : 34%
2017-10-10 16:40:58,179:
  generating : 35%
2017-10-10 16:40:58,188:
  generating : 36%
2017-10-10 16:40:58,196:
  generating : 37%
2017-10-10 16:40:58,204:
  generating : 38%
2017-10-10 16:40:58,211:
  generating : 39%
2017-10-10 16:40:58,219:
  generating : 40%
2017-10-10 16:40:58,228:
  generating : 41%
2017-10-10 16:40:58,235:
  generating : 42%
2017-10-10 16:40:58,241:
  generating : 43%
2017-10-10 16:40:58,246:
  generating : 44%
2017-10-10 16:40:58,253:
  generating : 45%
2017-10-10 16:40:58,257:
  generating : 46%
2017-10-10 16:40:58,265:
  generating : 47%
2017-10-10 16:40:58,270:
  generating : 48%
2017-10-10 16:40:58,274:
  generating : 49%
2017-10-10 16:40:58,279:
  generating : 50%
2017-10-10 16:40:58,285:
  generating : 51%
2017-10-10 16:40:58,291:
  generating : 52%
2017-10-10 16:40:58,296:
  generating : 53%
2017-10-10 16:40:58,304:
  generating : 54%
2017-10-10 16:40:58,313:
  generating : 55%
2017-10-10 16:40:58,319:
  generating : 56%
2017-10-10 16:40:58,333:
  generating : 57%
2017-10-10 16:40:58,338:
  generating : 58%
2017-10-10 16:40:58,343:
  generating : 59%
2017-10-10 16:40:58,348:
  generating : 60%
2017-10-10 16:40:58,356:
  generating : 61%
2017-10-10 16:40:58,363:
  generating : 62%
2017-10-10 16:40:58,373:
  generating : 63%
2017-10-10 16:40:58,379:
  generating : 64%
2017-10-10 16:40:58,386:
  generating : 65%
2017-10-10 16:40:58,395:
  generating : 66%
2017-10-10 16:40:58,403:
  generating : 67%
2017-10-10 16:40:58,409:
  generating : 68%
2017-10-10 16:40:58,415:
  generating : 69%
2017-10-10 16:40:58,423:
  generating : 70%
2017-10-10 16:40:58,429:
  generating : 71%
2017-10-10 16:40:58,437:
  generating : 72%
2017-10-10 16:40:58,445:
  generating : 73%
2017-10-10 16:40:58,452:
  generating : 74%
2017-10-10 16:40:58,456:
  generating : 75%
2017-10-10 16:40:58,463:
  generating : 76%
2017-10-10 16:40:58,468:
  generating : 77%
2017-10-10 16:40:58,475:
  generating : 78%
2017-10-10 16:40:58,482:
  generating : 79%
2017-10-10 16:40:58,487:
  generating : 80%
2017-10-10 16:40:58,495:
  generating : 81%
2017-10-10 16:40:58,501:
  generating : 82%
2017-10-10 16:40:58,506:
  generating : 83%
2017-10-10 16:40:58,514:
  generating : 84%
2017-10-10 16:40:58,520:
  generating : 85%
2017-10-10 16:40:58,527:
  generating : 86%
2017-10-10 16:40:58,535:
  generating : 87%
2017-10-10 16:40:58,543:
  generating : 88%
2017-10-10 16:40:58,550:
  generating : 89%
2017-10-10 16:40:58,559:
  generating : 90%
2017-10-10 16:40:58,569:
  generating : 91%
2017-10-10 16:40:58,574:
  generating : 92%
2017-10-10 16:40:58,579:
  generating : 93%
2017-10-10 16:40:58,588:
  generating : 94%
2017-10-10 16:40:58,596:
  generating : 95%
2017-10-10 16:40:58,603:
  generating : 96%
2017-10-10 16:40:58,609:
  generating : 97%
2017-10-10 16:40:58,617:
  generating : 98%
2017-10-10 16:40:58,625:
  generating : 99%
2017-10-10 16:40:58,628:
  generating : 100%
2017-10-10 16:40:58,652:
  Base_norm
